<?xml version="1.0" encoding="UTF-8"?>
<testng-results ignored="0" total="2" passed="2" failed="0" skipped="0">
  <reporter-output>
  </reporter-output>
  <suite started-at="2025-06-30T17:49:51 IST" name="Master Suite" finished-at="2025-06-30T17:50:17 IST" duration-ms="25405">
    <groups>
      <group name="Master">
        <method signature="TC001_AccountResgistrationTest.verify_account_registration()[pri:0, instance:testCases.TC001_AccountResgistrationTest@7582ff54]" name="verify_account_registration" class="testCases.TC001_AccountResgistrationTest"/>
        <method signature="TC002_LoginTest.verify_login()[pri:0, instance:testCases.TC002_LoginTest@74589991]" name="verify_login" class="testCases.TC002_LoginTest"/>
      </group> <!-- Master -->
      <group name="Sanity">
        <method signature="TC002_LoginTest.verify_login()[pri:0, instance:testCases.TC002_LoginTest@74589991]" name="verify_login" class="testCases.TC002_LoginTest"/>
      </group> <!-- Sanity -->
      <group name="Regression">
        <method signature="TC001_AccountResgistrationTest.verify_account_registration()[pri:0, instance:testCases.TC001_AccountResgistrationTest@7582ff54]" name="verify_account_registration" class="testCases.TC001_AccountResgistrationTest"/>
      </group> <!-- Regression -->
    </groups>
    <test started-at="2025-06-30T17:49:51 IST" name="Test" finished-at="2025-06-30T17:50:17 IST" duration-ms="25405">
      <class name="testCases.TC002_LoginTest">
        <test-method is-config="true" signature="setup(java.lang.String,java.lang.String)[pri:0, instance:testCases.TC002_LoginTest@74589991]" started-at="2025-06-30T17:50:06 IST" name="setup" finished-at="2025-06-30T17:50:11 IST" duration-ms="4870" status="PASS">
          <params>
            <param index="0">
              <value>
                <![CDATA[Windows]]>
              </value>
            </param>
            <param index="1">
              <value>
                <![CDATA[chrome]]>
              </value>
            </param>
          </params>
          <reporter-output>
          </reporter-output>
        </test-method> <!-- setup -->
        <test-method signature="verify_login()[pri:0, instance:testCases.TC002_LoginTest@74589991]" started-at="2025-06-30T17:50:11 IST" name="verify_login" finished-at="2025-06-30T17:50:17 IST" duration-ms="5893" status="PASS">
          <reporter-output>
          </reporter-output>
        </test-method> <!-- verify_login -->
        <test-method is-config="true" signature="tearDown()[pri:0, instance:testCases.TC002_LoginTest@74589991]" started-at="2025-06-30T17:50:17 IST" name="tearDown" finished-at="2025-06-30T17:50:17 IST" duration-ms="370" status="PASS">
          <reporter-output>
          </reporter-output>
        </test-method> <!-- tearDown -->
      </class> <!-- testCases.TC002_LoginTest -->
      <class name="testCases.TC001_AccountResgistrationTest">
        <test-method is-config="true" signature="setup(java.lang.String,java.lang.String)[pri:0, instance:testCases.TC001_AccountResgistrationTest@7582ff54]" started-at="2025-06-30T17:49:52 IST" name="setup" finished-at="2025-06-30T17:50:02 IST" duration-ms="9860" status="PASS">
          <params>
            <param index="0">
              <value>
                <![CDATA[Windows]]>
              </value>
            </param>
            <param index="1">
              <value>
                <![CDATA[chrome]]>
              </value>
            </param>
          </params>
          <reporter-output>
          </reporter-output>
        </test-method> <!-- setup -->
        <test-method signature="verify_account_registration()[pri:0, instance:testCases.TC001_AccountResgistrationTest@7582ff54]" started-at="2025-06-30T17:50:02 IST" name="verify_account_registration" finished-at="2025-06-30T17:50:05 IST" duration-ms="3659" status="PASS">
          <reporter-output>
          </reporter-output>
        </test-method> <!-- verify_account_registration -->
        <test-method is-config="true" signature="tearDown()[pri:0, instance:testCases.TC001_AccountResgistrationTest@7582ff54]" started-at="2025-06-30T17:50:05 IST" name="tearDown" finished-at="2025-06-30T17:50:06 IST" duration-ms="331" status="PASS">
          <reporter-output>
          </reporter-output>
        </test-method> <!-- tearDown -->
      </class> <!-- testCases.TC001_AccountResgistrationTest -->
    </test> <!-- Test -->
  </suite> <!-- Master Suite -->
</testng-results>
