<?xml version="1.0" encoding="UTF-8"?>
<!-- Generated by org.testng.reporters.JUnitXMLReporter -->
<testsuite ignored="0" hostname="SWWAPNILL" failures="0" tests="2" name="Linux-Firefox" time="15.316" errors="0" timestamp="2025-06-25T18:51:56 IST">
  <testcase classname="testCases.TC001_AccountResgistrationTest" name="verify_account_registration" time="0.001">
    <skipped/>
  </testcase> <!-- verify_account_registration -->
  <testcase classname="testCases.TC002_LoginTest" name="verify_login" time="4.67"/>
</testsuite> <!-- Linux-Firefox -->
